<?xml version="1.0" encoding="UTF-8"?>
<!-- Generated by org.testng.reporters.JUnitXMLReporter -->
<testsuite hostname="marvin" name="Default test(failed)" tests="7" failures="7" timestamp="27 Mar 2014 22:24:51 GMT" time="26.747" errors="0">
  <testcase name="testContactCreation" time="3.47" classname="com.example.tests.ContactCreationTest">
    <failure type="java.lang.AssertionError" message="Lists differ at element [8]: ContactParameters [lastname=test1227760714] != ContactParameters [lastname=test1227760714] expected [ContactParameters [lastname=test1227760714]] but found [ContactParameters [lastname=test1227760714]]">
      <![CDATA[java.lang.AssertionError: Lists differ at element [8]: ContactParameters [lastname=test1227760714] != ContactParameters [lastname=test1227760714] expected [ContactParameters [lastname=test1227760714]] but found [ContactParameters [lastname=test1227760714]]
	at com.example.tests.ContactCreationTest.testContactCreation(ContactCreationTest.java:30)
... Removed 29 stack frames]]>
    </failure>
  </testcase> <!-- testContactCreation -->
  <testcase name="testContactCreation" time="2.727" classname="com.example.tests.ContactCreationTest">
    <failure type="java.lang.AssertionError" message="Lists differ at element [7]: ContactParameters [lastname=test-345922724] != ContactParameters [lastname=test-345922724] expected [ContactParameters [lastname=test-345922724]] but found [ContactParameters [lastname=test-345922724]]">
      <![CDATA[java.lang.AssertionError: Lists differ at element [7]: ContactParameters [lastname=test-345922724] != ContactParameters [lastname=test-345922724] expected [ContactParameters [lastname=test-345922724]] but found [ContactParameters [lastname=test-345922724]]
	at com.example.tests.ContactCreationTest.testContactCreation(ContactCreationTest.java:30)
... Removed 29 stack frames]]>
    </failure>
  </testcase> <!-- testContactCreation -->
  <testcase name="testContactCreation" time="3.202" classname="com.example.tests.ContactCreationTest">
    <failure type="java.lang.AssertionError" message="Lists differ at element [0]: ContactParameters [lastname=] != ContactParameters [lastname=] expected [ContactParameters [lastname=]] but found [ContactParameters [lastname=]]">
      <![CDATA[java.lang.AssertionError: Lists differ at element [0]: ContactParameters [lastname=] != ContactParameters [lastname=] expected [ContactParameters [lastname=]] but found [ContactParameters [lastname=]]
	at com.example.tests.ContactCreationTest.testContactCreation(ContactCreationTest.java:30)
... Removed 29 stack frames]]>
    </failure>
  </testcase> <!-- testContactCreation -->
  <testcase name="testContactCreation" time="2.89" classname="com.example.tests.ContactCreationTest">
    <failure type="java.lang.AssertionError" message="Lists differ at element [10]: ContactParameters [lastname=test119292225] != ContactParameters [lastname=test119292225] expected [ContactParameters [lastname=test119292225]] but found [ContactParameters [lastname=test119292225]]">
      <![CDATA[java.lang.AssertionError: Lists differ at element [10]: ContactParameters [lastname=test119292225] != ContactParameters [lastname=test119292225] expected [ContactParameters [lastname=test119292225]] but found [ContactParameters [lastname=test119292225]]
	at com.example.tests.ContactCreationTest.testContactCreation(ContactCreationTest.java:30)
... Removed 29 stack frames]]>
    </failure>
  </testcase> <!-- testContactCreation -->
  <testcase name="testContactCreation" time="3.153" classname="com.example.tests.ContactCreationTest">
    <failure type="java.lang.AssertionError" message="Lists differ at element [9]: ContactParameters [lastname=test-423422258] != ContactParameters [lastname=test-423422258] expected [ContactParameters [lastname=test-423422258]] but found [ContactParameters [lastname=test-423422258]]">
      <![CDATA[java.lang.AssertionError: Lists differ at element [9]: ContactParameters [lastname=test-423422258] != ContactParameters [lastname=test-423422258] expected [ContactParameters [lastname=test-423422258]] but found [ContactParameters [lastname=test-423422258]]
	at com.example.tests.ContactCreationTest.testContactCreation(ContactCreationTest.java:30)
... Removed 29 stack frames]]>
    </failure>
  </testcase> <!-- testContactCreation -->
  <testcase name="testEmptyContactCreation" time="1.608" classname="com.example.tests.EmptyContactCreationTest">
    <failure type="java.lang.AssertionError" message="Lists differ at element [1]: ContactParameters [lastname=] != ContactParameters [lastname=] expected [ContactParameters [lastname=]] but found [ContactParameters [lastname=]]">
      <![CDATA[java.lang.AssertionError: Lists differ at element [1]: ContactParameters [lastname=] != ContactParameters [lastname=] expected [ContactParameters [lastname=]] but found [ContactParameters [lastname=]]
	at com.example.tests.EmptyContactCreationTest.testEmptyContactCreation(EmptyContactCreationTest.java:34)
... Removed 29 stack frames]]>
    </failure>
  </testcase> <!-- testEmptyContactCreation -->
  <testcase name="modifySomeContact" time="1.515" classname="com.example.tests.ContactModificationTest">
    <failure type="java.lang.AssertionError" message="Lists differ at element [1]: ContactParameters [lastname=2222] != ContactParameters [lastname=2222] expected [ContactParameters [lastname=2222]] but found [ContactParameters [lastname=2222]]">
      <![CDATA[java.lang.AssertionError: Lists differ at element [1]: ContactParameters [lastname=2222] != ContactParameters [lastname=2222] expected [ContactParameters [lastname=2222]] but found [ContactParameters [lastname=2222]]
	at com.example.tests.ContactModificationTest.modifySomeContact(ContactModificationTest.java:35)
... Removed 29 stack frames]]>
    </failure>
  </testcase> <!-- modifySomeContact -->
</testsuite> <!-- Default test(failed) -->
