<?xml version="1.0" encoding="UTF-8"?>
<!-- Generated by org.testng.reporters.JUnitXMLReporter -->
<testsuite hostname="testing1" name="Default test" tests="8" failures="0" timestamp="27 Mar 2014 09:40:06 GMT" time="14.62" errors="0">
  <testcase name="testContactCreation" time="2.163" classname="com.example.tests.ContactCreationTest"/>
  <testcase name="deleteSomeGroup" time="0.731" classname="com.example.tests.GroupRemovalTest"/>
  <testcase name="deleteSomeContact" time="0.547" classname="com.example.tests.ContactRemovalTest"/>
  <testcase name="testEmptyGroupCreation" time="0.918" classname="com.example.tests.EmptyGroupCreationTest"/>
  <testcase name="testNonEmptyGroupCreation" time="0.869" classname="com.example.tests.GroupCreationTest"/>
  <testcase name="testEmptyContactCreation" time="0.824" classname="com.example.tests.EmptyContactCreationTest"/>
  <testcase name="modifySomeGroup" time="0.846" classname="com.example.tests.GroupModificationTest"/>
  <testcase name="modifySomeContact" time="0.628" classname="com.example.tests.ContactModificationTest"/>
</testsuite> <!-- Default test -->
