<?xml version="1.0" encoding="UTF-8"?>
<!-- Generated by org.testng.reporters.JUnitXMLReporter -->
<testsuite hostname="marvin" name="Default test" tests="6" failures="0" timestamp="19 Mar 2014 19:27:41 GMT" time="24.296" errors="0">
  <testcase name="testContactCreation" time="4.574" classname="com.example.tests.ContactCreationTest"/>
  <testcase name="deleteSomeGroup" time="1.86" classname="com.example.tests.GroupRemovalTest"/>
  <testcase name="testEmptyGroupCreation" time="1.65" classname="com.example.tests.EmptyGroupCreationTest"/>
  <testcase name="modifySomeGroup" time="2.46" classname="com.example.tests.GroupModificationTest"/>
  <testcase name="testEmptyContactCreation" time="1.74" classname="com.example.tests.EmptyContactCreationTest"/>
  <testcase name="testNonEmptyGroupCreation" time="2.34" classname="com.example.tests.GroupCreationTest"/>
</testsuite> <!-- Default test -->
