<?xml version="1.0" encoding="UTF-8"?>
<!-- Generated by org.testng.reporters.JUnitXMLReporter -->
<testsuite hostname="marvin" name="Default test(failed)(failed)" tests="1" failures="1" timestamp="27 Mar 2014 22:51:18 GMT" time="6.067" errors="0">
  <testcase name="modifySomeContact" time="2.972" classname="com.example.tests.ContactModificationTest">
    <failure type="java.lang.AssertionError" message="Lists differ at element [3]: ContactParameters [lastname=lastnameA] != ContactParameters [lastname=lastnameB] expected [ContactParameters [lastname=lastnameA]] but found [ContactParameters [lastname=lastnameB]]">
      <![CDATA[java.lang.AssertionError: Lists differ at element [3]: ContactParameters [lastname=lastnameA] != ContactParameters [lastname=lastnameB] expected [ContactParameters [lastname=lastnameA]] but found [ContactParameters [lastname=lastnameB]]
	at com.example.tests.ContactModificationTest.modifySomeContact(ContactModificationTest.java:35)
... Removed 29 stack frames]]>
    </failure>
  </testcase> <!-- modifySomeContact -->
</testsuite> <!-- Default test(failed)(failed) -->
