<?xml version="1.0" encoding="UTF-8"?>
<!-- Generated by org.testng.reporters.JUnitXMLReporter -->
<testsuite hostname="marvin" name="Default test(failed)(failed)(failed)(failed)" tests="1" failures="1" timestamp="27 Mar 2014 23:01:30 GMT" time="5.779" errors="0">
  <testcase name="modifySomeContact" time="2.479" classname="com.example.tests.ContactModificationTest">
    <failure type="java.lang.AssertionError" message="Lists differ at element [1]: ContactParameters [lastname=2222] != ContactParameters [lastname=lastnamec] expected [ContactParameters [lastname=2222]] but found [ContactParameters [lastname=lastnamec]]">
      <![CDATA[java.lang.AssertionError: Lists differ at element [1]: ContactParameters [lastname=2222] != ContactParameters [lastname=lastnamec] expected [ContactParameters [lastname=2222]] but found [ContactParameters [lastname=lastnamec]]
	at com.example.tests.ContactModificationTest.modifySomeContact(ContactModificationTest.java:35)
... Removed 29 stack frames]]>
    </failure>
  </testcase> <!-- modifySomeContact -->
</testsuite> <!-- Default test(failed)(failed)(failed)(failed) -->
