<?xml version="1.0" encoding="UTF-8"?>
<testng-results skipped="0" failed="0" total="4" passed="4">
  <reporter-output>
  </reporter-output>
  <suite name="Default suite" duration-ms="18703" started-at="2014-03-13T13:56:12Z" finished-at="2014-03-13T13:56:31Z">
    <groups>
    </groups>
    <test name="Default test" duration-ms="18703" started-at="2014-03-13T13:56:12Z" finished-at="2014-03-13T13:56:31Z">
      <class name="com.example.tests.ContactCreationTest">
        <test-method status="PASS" signature="testÑontañtÑreation()[pri:0, instance:com.example.tests.ContactCreationTest@c38a936]" name="testÑontañtÑreation" duration-ms="2290" started-at="2014-03-13T17:56:27Z" finished-at="2014-03-13T17:56:29Z">
          <reporter-output>
          </reporter-output>
        </test-method> <!-- testÑontañtÑreation -->
      </class> <!-- com.example.tests.ContactCreationTest -->
      <class name="com.example.tests.GroupCreationTest">
        <test-method status="PASS" signature="setUp()[pri:0, instance:com.example.tests.GroupCreationTest@6a9a9631]" name="setUp" is-config="true" duration-ms="14393" started-at="2014-03-13T17:56:12Z" finished-at="2014-03-13T17:56:27Z">
          <reporter-output>
          </reporter-output>
        </test-method> <!-- setUp -->
        <test-method status="PASS" signature="testNonEmptyGroupCreation()[pri:0, instance:com.example.tests.GroupCreationTest@6a9a9631]" name="testNonEmptyGroupCreation" duration-ms="730" started-at="2014-03-13T17:56:30Z" finished-at="2014-03-13T17:56:30Z">
          <reporter-output>
          </reporter-output>
        </test-method> <!-- testNonEmptyGroupCreation -->
        <test-method status="PASS" signature="tearDown()[pri:0, instance:com.example.tests.GroupCreationTest@6a9a9631]" name="tearDown" is-config="true" duration-ms="213" started-at="2014-03-13T17:56:31Z" finished-at="2014-03-13T17:56:31Z">
          <reporter-output>
          </reporter-output>
        </test-method> <!-- tearDown -->
      </class> <!-- com.example.tests.GroupCreationTest -->
      <class name="com.example.tests.EmptyGroupCreationTest">
        <test-method status="PASS" signature="testEmptyGroupCreation()[pri:0, instance:com.example.tests.EmptyGroupCreationTest@65067a13]" name="testEmptyGroupCreation" duration-ms="567" started-at="2014-03-13T17:56:29Z" finished-at="2014-03-13T17:56:30Z">
          <reporter-output>
          </reporter-output>
        </test-method> <!-- testEmptyGroupCreation -->
      </class> <!-- com.example.tests.EmptyGroupCreationTest -->
      <class name="com.example.tests.EmptyContactCreationTest">
        <test-method status="PASS" signature="testEmptyÑontañtÑreation()[pri:0, instance:com.example.tests.EmptyContactCreationTest@2c6d1158]" name="testEmptyÑontañtÑreation" duration-ms="494" started-at="2014-03-13T17:56:30Z" finished-at="2014-03-13T17:56:31Z">
          <reporter-output>
          </reporter-output>
        </test-method> <!-- testEmptyÑontañtÑreation -->
      </class> <!-- com.example.tests.EmptyContactCreationTest -->
    </test> <!-- Default test -->
  </suite> <!-- Default suite -->
</testng-results>
